Calculatorqb/proguard/seeds.txt
com.emple.calculatorqb.FrameActivity: FrameActivity()
com.emple.calculatorqb.MainActivity
com.emple.calculatorqb.MainActivity: MainActivity()
com.emple.calculatorqb.MainAdActivity
com.emple.calculatorqb.MainAdActivity: MainAdActivity()
com.emple.calculatorqb.R$anim: int slide_in_right
com.emple.calculatorqb.R$anim: int slide_no
com.emple.calculatorqb.R$anim: int slide_out_right
com.emple.calculatorqb.R$color: int alpha
com.emple.calculatorqb.R$color: int border
com.emple.calculatorqb.R$color: int strpan1
com.emple.calculatorqb.R$color: int strpan2
com.emple.calculatorqb.R$color: int strpan3
com.emple.calculatorqb.R$color: int strpan4
com.emple.calculatorqb.R$color: int strpan5
com.emple.calculatorqb.R$color: int strpan6
com.emple.calculatorqb.R$color: int white1
com.emple.calculatorqb.R$color: int white2
com.emple.calculatorqb.R$color: int yellow1
com.emple.calculatorqb.R$dimen: int activity_horizontal_margin
com.emple.calculatorqb.R$dimen: int activity_vertical_margin
com.emple.calculatorqb.R$dimen: int ele1_margin
com.emple.calculatorqb.R$dimen: int ele1_margin1
com.emple.calculatorqb.R$dimen: int ele1_margin2
com.emple.calculatorqb.R$dimen: int ele1_margin3
com.emple.calculatorqb.R$dimen: int ele1_margin4
com.emple.calculatorqb.R$dimen: int ele1_size1
com.emple.calculatorqb.R$dimen: int ele1_size2
com.emple.calculatorqb.R$dimen: int ele1_size3
com.emple.calculatorqb.R$dimen: int ele1_size4
com.emple.calculatorqb.R$dimen: int ele_margin
com.emple.calculatorqb.R$dimen: int ele_margin1
com.emple.calculatorqb.R$dimen: int ele_margin2
com.emple.calculatorqb.R$dimen: int ele_margin3
com.emple.calculatorqb.R$dimen: int ele_margin4
com.emple.calculatorqb.R$dimen: int ele_size1
com.emple.calculatorqb.R$dimen: int ele_size2
com.emple.calculatorqb.R$dimen: int ele_size3
com.emple.calculatorqb.R$dimen: int ele_size4
com.emple.calculatorqb.R$drawable: int anarrows
com.emple.calculatorqb.R$drawable: int arrows
com.emple.calculatorqb.R$drawable: int atomic
com.emple.calculatorqb.R$drawable: int back_normal
com.emple.calculatorqb.R$drawable: int back_pressed
com.emple.calculatorqb.R$drawable: int bg
com.emple.calculatorqb.R$drawable: int bg1
com.emple.calculatorqb.R$drawable: int bgstart
com.emple.calculatorqb.R$drawable: int border1
com.emple.calculatorqb.R$drawable: int border2
com.emple.calculatorqb.R$drawable: int border3
com.emple.calculatorqb.R$drawable: int border4
com.emple.calculatorqb.R$drawable: int btshape
com.emple.calculatorqb.R$drawable: int calpb
com.emple.calculatorqb.R$drawable: int calpb1
com.emple.calculatorqb.R$drawable: int element_list
com.emple.calculatorqb.R$drawable: int fontsize
com.emple.calculatorqb.R$drawable: int gif1
com.emple.calculatorqb.R$drawable: int ic_launcher
com.emple.calculatorqb.R$drawable: int main1bg
com.emple.calculatorqb.R$drawable: int main1bg1
com.emple.calculatorqb.R$drawable: int main1bgrl2
com.emple.calculatorqb.R$drawable: int main1tv1na
com.emple.calculatorqb.R$drawable: int main1tv1nb
com.emple.calculatorqb.R$drawable: int main1tv2
com.emple.calculatorqb.R$drawable: int main1tv2a
com.emple.calculatorqb.R$drawable: int main1tv2b
com.emple.calculatorqb.R$drawable: int main1tv2c
com.emple.calculatorqb.R$drawable: int main1tv3
com.emple.calculatorqb.R$drawable: int main1tv3a
com.emple.calculatorqb.R$drawable: int main1tv3b
...
android.support.v4.app.BackStackState: android.os.Parcelable$Creator CREATOR
android.support.v4.app.Fragment$SavedState: android.os.Parcelable$Creator CREATOR
android.support.v4.app.FragmentManagerState: android.os.Parcelable$Creator CREATOR
android.support.v4.app.FragmentState: android.os.Parcelable$Creator CREATOR
android.support.v4.app.FragmentTabHost: void setOnTabChangedListener(android.widget.TabHost$OnTabChangeListener)
android.support.v4.app.FragmentTabHost$SavedState: android.os.Parcelable$Creator CREATOR
android.support.v4.content.ModernAsyncTask$Status: android.support.v4.content.ModernAsyncTask$Status[] values()
android.support.v4.content.ModernAsyncTask$Status: android.support.v4.content.ModernAsyncTask$Status valueOf(java.lang.String)
android.support.v4.media.MediaBrowserCompat$MediaItem: android.os.Parcelable$Creator CREATOR
android.support.v4.media.MediaDescriptionCompat: android.os.Parcelable$Creator CREATOR
android.support.v4.media.MediaMetadataCompat: android.os.Parcelable$Creator CREATOR
android.support.v4.media.RatingCompat: android.os.Parcelable$Creator CREATOR
android.support.v4.media.session.MediaSessionCompat$QueueItem: android.os.Parcelable$Creator CREATOR
android.support.v4.media.session.MediaSessionCompat$ResultReceiverWrapper: android.os.Parcelable$Creator CREATOR
android.support.v4.media.session.MediaSessionCompat$Token: android.os.Parcelable$Creator CREATOR
android.support.v4.media.session.ParcelableVolumeInfo: android.os.Parcelable$Creator CREATOR
android.support.v4.media.session.PlaybackStateCompat: android.os.Parcelable$Creator CREATOR
android.support.v4.media.session.PlaybackStateCompat$CustomAction: android.os.Parcelable$Creator CREATOR
android.support.v4.os.ResultReceiver: android.os.Parcelable$Creator CREATOR
android.support.v4.view.PagerTabStrip: void setTabIndicatorColor(int)
android.support.v4.view.PagerTabStrip: void setTabIndicatorColorResource(int)
android.support.v4.view.PagerTabStrip: int getTabIndicatorColor()
android.support.v4.view.PagerTabStrip: void setTextSpacing(int)
android.support.v4.view.PagerTabStrip: void setBackgroundDrawable(android.graphics.drawable.Drawable)
android.support.v4.view.PagerTabStrip: void setBackgroundColor(int)
android.support.v4.view.PagerTabStrip: void setBackgroundResource(int)
android.support.v4.view.PagerTabStrip: void setDrawFullUnderline(boolean)
android.support.v4.view.PagerTabStrip: boolean getDrawFullUnderline()
android.support.v4.view.PagerTabStrip: int getMinHeight()
android.support.v4.view.PagerTitleStrip: void setSingleLineAllCaps(android.widget.TextView)
android.support.v4.view.PagerTitleStrip: void setTextSpacing(int)
android.support.v4.view.PagerTitleStrip: int getTextSpacing()
android.support.v4.view.PagerTitleStrip: void setNonPrimaryAlpha(float)
android.support.v4.view.PagerTitleStrip: void setTextColor(int)
android.support.v4.view.PagerTitleStrip: void setGravity(int)
android.support.v4.view.PagerTitleStrip: int getMinHeight()