Calculatorqb/proguard/mapping.txt
com.emple.calculatorqb.CalDataTask -> com.emple.calculatorqb.a:
    com.emple.calculatorqb.Globe globe -> a
    android.content.Context ct -> b
    int width -> c
    boolean cancer -> d
    android.graphics.drawable.Drawable main1tv3bg -> e
    void onCancelled() -> onCancelled
    void onPreExecute() -> onPreExecute
    void onPostExecute(java.lang.String) -> a
    void onProgressUpdate(java.lang.Integer[]) -> a
    java.lang.String doInBackground(java.lang.String[]) -> a
    void onPostExecute(java.lang.Object) -> onPostExecute
    java.lang.Object doInBackground(java.lang.Object[]) -> doInBackground
    void onProgressUpdate(java.lang.Object[]) -> onProgressUpdate
com.emple.calculatorqb.Calculate -> com.emple.calculatorqb.b:
    com.emple.calculatorqb.Globe globe -> a
    android.database.sqlite.SQLiteDatabase db -> b
    android.content.Context ct -> c
    java.util.ArrayList unitseleid -> d
    int demic -> e
    int subtime -> f
    int subinctime -> g
    java.lang.String degrees -> h
    java.lang.String calculate(java.lang.String) -> a
    java.lang.String e¦Ðjudge(java.lang.String) -> b
    java.lang.String tonumber(java.lang.String) -> c
    java.lang.String calculatefun1(java.lang.String) -> d
    double[] fun1deal(java.lang.String) -> e
    double todegrees(double) -> a
    java.lang.String calculinc(java.lang.String) -> f
    java.lang.String espectCal(java.lang.String) -> g
    java.lang.String calculpow1(java.lang.String) -> h
    java.lang.String inc_subreplace(java.lang.String,java.lang.String,int,int) -> a
    java.lang.String[] suninc(java.lang.String,int) -> a
    java.lang.String rep_str(java.lang.String,int,java.lang.String) -> a
    java.lang.String calculnum(java.lang.String) -> i
    java.lang.String calcmuladdorsub(java.lang.String) -> j
    java.lang.String calcmulordiv(java.lang.String) -> k
    java.lang.String calculsqrt(java.lang.String) -> l
    java.lang.String calculpow(java.lang.String) -> m
    java.lang.String[] detaleor¦Ð(java.lang.String[]) -> a
    java.lang.String[] removieunit(java.lang.String) -> n
    int getInd(java.lang.String) -> o
    java.lang.String unityplace(java.lang.String) -> r
com.emple.calculatorqb.CustomValues -> com.emple.calculatorqb.c:
    java.math.BigDecimal ¦Ð -> a
    java.math.BigDecimal e -> b
com.emple.calculatorqb.FrameActivity -> com.emple.calculatorqb.d:
    void onStart() -> onStart
    void onReMeasure(int) -> a
com.emple.calculatorqb.Globe -> com.emple.calculatorqb.e:
    java.io.File dbFile -> a
    boolean hasUnity -> b
    android.widget.TextView pbCal -> c
    android.widget.TextView pbCal1 -> d
    android.widget.TextView main1tv3 -> e
    android.widget.TextView main1tv4 -> f
    android.widget.RelativeLayout rln1 -> g
    int funtype -> h
    int fununknow -> i
    java.lang.String funinputx -> j
    java.lang.String funnote -> k
    java.lang.String funinputy -> l
    java.lang.String funcharacter -> m
    int n -> n
    java.util.ArrayList xy -> o
    java.util.ArrayList funxy -> p
    java.util.ArrayList allfunxy -> q
    java.lang.String funbody1 -> r
    java.lang.String xory1 -> s
    boolean isfun1save -> t
    boolean isfuning -> u
    java.util.ArrayList btarray -> v
    float TextSize -> w
    com.emple.calculatorqb.Calculate calculate -> x
    java.util.ArrayList unitseleid -> y
    java.util.ArrayList unitseleidStr -> z
    java.lang.String unitshowtype -> A
    int demic -> B
    java.lang.String degrees -> C
    int input -> D
    com.emple.calculatorqb.CalDataTask cdTask -> E
    android.widget.EditText main1et1 -> F
    android.widget.EditText funet1 -> G
    com.emple.calculatorqb.Main1Inputtext main1inputtext -> H
    int statusHeight1 -> I
    int pwidth -> J
    int pheight -> K
    android.widget.LinearLayout main1ll1 -> L
...
android.support.v4.view.ViewPropertyAnimatorCompat$KitKatViewPropertyAnimatorCompatImpl -> a.a.a.d.bw:
android.support.v4.view.ViewPropertyAnimatorCompat$LollipopViewPropertyAnimatorCompatImpl -> a.a.a.d.bx:
android.support.v4.view.ViewPropertyAnimatorCompat$ViewPropertyAnimatorCompatImpl -> a.a.a.d.by:
    void setDuration(android.support.v4.view.ViewPropertyAnimatorCompat,android.view.View,long) -> a
    void alpha(android.support.v4.view.ViewPropertyAnimatorCompat,android.view.View,float) -> a
    void cancel(android.support.v4.view.ViewPropertyAnimatorCompat,android.view.View) -> a
    void translationX(android.support.v4.view.ViewPropertyAnimatorCompat,android.view.View,float) -> b
    void translationY(android.support.v4.view.ViewPropertyAnimatorCompat,android.view.View,float) -> c
    void start(android.support.v4.view.ViewPropertyAnimatorCompat,android.view.View) -> b
    void setListener(android.support.v4.view.ViewPropertyAnimatorCompat,android.view.View,android.support.v4.view.ViewPropertyAnimatorListener) -> a
android.support.v4.view.ViewPropertyAnimatorCompatICS -> a.a.a.d.bz:
    void setDuration(android.view.View,long) -> a
    void alpha(android.view.View,float) -> a
    void translationX(android.view.View,float) -> b
    void translationY(android.view.View,float) -> c
    void cancel(android.view.View) -> a
    void start(android.view.View) -> b
    void setListener(android.view.View,android.support.v4.view.ViewPropertyAnimatorListener) -> a
android.support.v4.view.ViewPropertyAnimatorCompatICS$1 -> a.a.a.d.ca:
    android.support.v4.view.ViewPropertyAnimatorListener val$listener -> a
    android.view.View val$view -> b
    void onAnimationCancel(android.animation.Animator) -> onAnimationCancel
    void onAnimationEnd(android.animation.Animator) -> onAnimationEnd
    void onAnimationStart(android.animation.Animator) -> onAnimationStart
android.support.v4.view.ViewPropertyAnimatorCompatJB -> a.a.a.d.cb:
    void setListener(android.view.View,android.support.v4.view.ViewPropertyAnimatorListener) -> a
android.support.v4.view.ViewPropertyAnimatorCompatJB$1 -> a.a.a.d.cc:
    android.support.v4.view.ViewPropertyAnimatorListener val$listener -> a
    android.view.View val$view -> b
    void onAnimationCancel(android.animation.Animator) -> onAnimationCancel
    void onAnimationEnd(android.animation.Animator) -> onAnimationEnd
    void onAnimationStart(android.animation.Animator) -> onAnimationStart
android.support.v4.view.ViewPropertyAnimatorListener -> a.a.a.d.cd:
    void onAnimationStart(android.view.View) -> a
    void onAnimationEnd(android.view.View) -> b
    void onAnimationCancel(android.view.View) -> c
android.support.v4.view.accessibility.AccessibilityEventCompat -> a.a.a.d.a.a:
    android.support.v4.view.accessibility.AccessibilityEventCompat$AccessibilityEventVersionImpl IMPL -> a
    android.support.v4.view.accessibility.AccessibilityRecordCompat asRecord(android.view.accessibility.AccessibilityEvent) -> a
    void setContentChangeTypes(android.view.accessibility.AccessibilityEvent,int) -> a
    int getContentChangeTypes(android.view.accessibility.AccessibilityEvent) -> b
android.support.v4.view.accessibility.AccessibilityEventCompat$AccessibilityEventIcsImpl -> a.a.a.d.a.b:
android.support.v4.view.accessibility.AccessibilityEventCompat$AccessibilityEventKitKatImpl -> a.a.a.d.a.c:
    void setContentChangeTypes(android.view.accessibility.AccessibilityEvent,int) -> a
    int getContentChangeTypes(android.view.accessibility.AccessibilityEvent) -> a
android.support.v4.view.accessibility.AccessibilityEventCompat$AccessibilityEventStubImpl -> a.a.a.d.a.d:
    void setContentChangeTypes(android.view.accessibility.AccessibilityEvent,int) -> a
    int getContentChangeTypes(android.view.accessibility.AccessibilityEvent) -> a