Calculatorqb/proguard/usage.txt
com.emple.calculatorqb.BuildConfig
com.emple.calculatorqb.CustomValues:
    public int decimallen
com.emple.calculatorqb.Globe:
    public android.widget.Button btCal
com.emple.calculatorqb.Judge:
    31:62:public boolean main1(java.lang.String)
    66:118:public java.lang.String getinc(java.lang.String)
    123:146:public boolean isunmarray(java.lang.String)
    151:176:public java.lang.String removieinc(java.lang.String,int,int)
    181:189:public java.lang.String replaceb(java.lang.String,int,int)
    194:206:public boolean isnum1(java.lang.String)
com.emple.calculatorqb.MainActivity:
    java.math.BigDecimal ¦Ð
    java.math.BigDecimal e
com.emple.calculatorqb.MySplit
com.emple.calculatorqb.R
com.emple.calculatorqb.R$anim
com.emple.calculatorqb.R$attr
com.emple.calculatorqb.R$color
com.emple.calculatorqb.R$dimen
com.emple.calculatorqb.R$drawable
com.emple.calculatorqb.R$id
com.emple.calculatorqb.R$layout
com.emple.calculatorqb.R$menu
com.emple.calculatorqb.R$string
com.emple.calculatorqb.R$style
com.emple.calculatorqb.SkinManage:
    7:7:public SkinManage()
...
android.support.v4.app.TaskStackBuilder$TaskStackBuilderImplHoneycomb
android.support.v4.app.TaskStackBuilder$TaskStackBuilderImplJellybean
android.support.v4.app.TaskStackBuilderHoneycomb
android.support.v4.app.TaskStackBuilderJellybean
android.support.v4.content.AsyncTaskLoader
android.support.v4.content.AsyncTaskLoader$LoadTask
android.support.v4.content.ContentResolverCompat
android.support.v4.content.ContentResolverCompat$ContentResolverCompatImpl
android.support.v4.content.ContentResolverCompat$ContentResolverCompatImplBase
android.support.v4.content.ContentResolverCompat$ContentResolverCompatImplJB
android.support.v4.content.ContentResolverCompatJellybean
android.support.v4.content.ContextCompat
android.support.v4.content.ContextCompatApi21
android.support.v4.content.ContextCompatApi23
android.support.v4.content.ContextCompatFroyo
android.support.v4.content.ContextCompatHoneycomb
android.support.v4.content.ContextCompatJellybean
android.support.v4.content.ContextCompatKitKat
android.support.v4.content.CursorLoader
android.support.v4.content.EditorCompatGingerbread
android.support.v4.content.ExecutorCompatHoneycomb
android.support.v4.content.FileProvider
android.support.v4.content.FileProvider$PathStrategy
android.support.v4.content.FileProvider$SimplePathStrategy
android.support.v4.content.IntentCompat
android.support.v4.content.IntentCompat$IntentCompatImpl
android.support.v4.content.IntentCompat$IntentCompatImplBase
android.support.v4.content.IntentCompat$IntentCompatImplHC
android.support.v4.content.IntentCompat$IntentCompatImplIcsMr1
android.support.v4.content.IntentCompatHoneycomb
android.support.v4.content.IntentCompatIcsMr1
android.support.v4.content.Loader
android.support.v4.content.Loader$ForceLoadContentObserver
android.support.v4.content.Loader$OnLoadCanceledListener
android.support.v4.content.Loader$OnLoadCompleteListener
android.support.v4.content.LocalBroadcastManager
android.support.v4.content.LocalBroadcastManager$1
android.support.v4.content.LocalBroadcastManager$BroadcastRecord
android.support.v4.content.LocalBroadcastManager$ReceiverRecord
android.support.v4.content.ModernAsyncTask
android.support.v4.content.ModernAsyncTask$1
android.support.v4.content.ModernAsyncTask$2
android.support.v4.content.ModernAsyncTask$3
android.support.v4.content.ModernAsyncTask$4
android.support.v4.content.ModernAsyncTask$AsyncTaskResult
android.support.v4.content.ModernAsyncTask$InternalHandler
android.support.v4.content.ModernAsyncTask$Status
android.support.v4.content.ModernAsyncTask$WorkerRunnable
android.support.v4.content.ParallelExecutorCompat
android.support.v4.content.PermissionChecker
android.support.v4.content.PermissionChecker$PermissionResult
android.support.v4.content.SharedPreferencesCompat
android.support.v4.content.SharedPreferencesCompat$1
android.support.v4.content.SharedPreferencesCompat$EditorCompat
android.support.v4.content.SharedPreferencesCompat$EditorCompat$EditorHelperApi9Impl
android.support.v4.content.SharedPreferencesCompat$EditorCompat$EditorHelperBaseImpl
android.support.v4.content.SharedPreferencesCompat$EditorCompat$Helper
android.support.v4.content.WakefulBroadcastReceiver
android.support.v4.content.pm.ActivityInfoCompat
android.support.v4.content.res.ResourcesCompat
android.support.v4.content.res.ResourcesCompatApi21
android.support.v4.content.res.ResourcesCompatApi23
android.support.v4.content.res.ResourcesCompatIcsMr1
android.support.v4.content.res.TypedArrayUtils
android.support.v4.database.DatabaseUtilsCompat
android.support.v4.graphics.BitmapCompat
android.support.v4.graphics.BitmapCompat$BaseBitmapImpl
android.support.v4.graphics.BitmapCompat$BitmapImpl
android.support.v4.graphics.BitmapCompat$HcMr1BitmapCompatImpl
android.support.v4.graphics.BitmapCompat$JbMr2BitmapCompatImpl
android.support.v4.graphics.BitmapCompat$KitKatBitmapCompatImpl
android.support.v4.graphics.BitmapCompatHoneycombMr1
android.support.v4.graphics.BitmapCompatJellybeanMR2